
  .   ____          _            __ _ _
 /\\ / ___'_ __ _ _(_)_ __  __ _ \ \ \ \
( ( )\___ | '_ | '_| | '_ \/ _` | \ \ \ \
 \\/  ___)| |_)| | | | | || (_| |  ) ) ) )
  '  |____| .__|_| |_|_| |_\__, | / / / /
 =========|_|==============|___/=/_/_/_/

 :: Spring Boot ::                (v3.3.4)

2026-04-12T00:00:51.710+05:30  INFO 15912 --- [mycampus-backend] [           main] c.example.minorapp.MyCampusApplication   : Starting MyCampusApplication v0.0.1-SNAPSHOT using Java 22.0.2 with PID 15912 (D:\MinorApp\backend\target\mycampus-backend-0.0.1-SNAPSHOT.jar started by HP in D:\MinorApp\backend)
2026-04-12T00:00:51.716+05:30  INFO 15912 --- [mycampus-backend] [           main] c.example.minorapp.MyCampusApplication   : No active profile set, falling back to 1 default profile: "default"
2026-04-12T00:00:52.817+05:30  INFO 15912 --- [mycampus-backend] [           main] .s.d.r.c.RepositoryConfigurationDelegate : Bootstrapping Spring Data JPA repositories in DEFAULT mode.
2026-04-12T00:00:52.933+05:30  INFO 15912 --- [mycampus-backend] [           main] .s.d.r.c.RepositoryConfigurationDelegate : Finished Spring Data repository scanning in 103 ms. Found 8 JPA repository interfaces.
2026-04-12T00:00:53.861+05:30  INFO 15912 --- [mycampus-backend] [           main] o.s.b.w.embedded.tomcat.TomcatWebServer  : Tomcat initialized with port 8081 (http)
2026-04-12T00:00:53.895+05:30  INFO 15912 --- [mycampus-backend] [           main] o.apache.catalina.core.StandardService   : Starting service [Tomcat]
2026-04-12T00:00:53.897+05:30  INFO 15912 --- [mycampus-backend] [           main] o.apache.catalina.core.StandardEngine    : Starting Servlet engine: [Apache Tomcat/10.1.30]
2026-04-12T00:00:53.939+05:30  INFO 15912 --- [mycampus-backend] [           main] o.a.c.c.C.[Tomcat].[localhost].[/]       : Initializing Spring embedded WebApplicationContext
2026-04-12T00:00:53.941+05:30  INFO 15912 --- [mycampus-backend] [           main] w.s.c.ServletWebServerApplicationContext : Root WebApplicationContext: initialization completed in 2121 ms
2026-04-12T00:00:54.183+05:30  INFO 15912 --- [mycampus-backend] [           main] o.hibernate.jpa.internal.util.LogHelper  : HHH000204: Processing PersistenceUnitInfo [name: default]
2026-04-12T00:00:54.271+05:30  INFO 15912 --- [mycampus-backend] [           main] org.hibernate.Version                    : HHH000412: Hibernate ORM core version 6.5.3.Final
2026-04-12T00:00:54.330+05:30  INFO 15912 --- [mycampus-backend] [           main] o.h.c.internal.RegionFactoryInitiator    : HHH000026: Second-level cache disabled
2026-04-12T00:00:54.867+05:30  INFO 15912 --- [mycampus-backend] [           main] o.s.o.j.p.SpringPersistenceUnitInfo      : No LoadTimeWeaver setup: ignoring JPA class transformer
2026-04-12T00:00:54.941+05:30  INFO 15912 --- [mycampus-backend] [           main] com.zaxxer.hikari.HikariDataSource       : HikariPool-1 - Starting...
2026-04-12T00:00:55.629+05:30  INFO 15912 --- [mycampus-backend] [           main] com.zaxxer.hikari.pool.HikariPool        : HikariPool-1 - Added connection org.postgresql.jdbc.PgConnection@1bb96449
2026-04-12T00:00:55.636+05:30  INFO 15912 --- [mycampus-backend] [           main] com.zaxxer.hikari.HikariDataSource       : HikariPool-1 - Start completed.
2026-04-12T00:00:55.753+05:30  WARN 15912 --- [mycampus-backend] [           main] org.hibernate.orm.deprecation            : HHH90000025: PostgreSQLDialect does not need to be specified explicitly using 'hibernate.dialect' (remove the property setting and it will be selected by default)
2026-04-12T00:00:58.433+05:30  INFO 15912 --- [mycampus-backend] [           main] o.h.e.t.j.p.i.JtaPlatformInitiator       : HHH000489: No JTA platform available (set 'hibernate.transaction.jta.platform' to enable JTA platform integration)
2026-04-12T00:00:58.681+05:30  INFO 15912 --- [mycampus-backend] [           main] j.LocalContainerEntityManagerFactoryBean : Initialized JPA EntityManagerFactory for persistence unit 'default'
Hibernate: 
    select
        u1_0.id 
    from
        users u1_0 
    where
        u1_0.email=? 
    fetch
        first ? rows only
Hibernate: 
    select
        u1_0.id 
    from
        users u1_0 
    where
        u1_0.email=? 
    fetch
        first ? rows only
Hibernate: 
    select
        u1_0.id,
        u1_0.class_section,
        u1_0.device_id,
        u1_0.email,
        u1_0.name,
        u1_0.password,
        u1_0.role,
        u1_0.roll_number 
    from
        users u1_0 
    where
        u1_0.email=?
Hibernate: 
    select
        c1_0.id,
        c1_0.course_name,
        c1_0.professor_id 
    from
        courses c1_0 
    where
        upper(c1_0.course_name)=upper(?)
Hibernate: 
    select
        u1_0.id,
        u1_0.class_section,
        u1_0.device_id,
        u1_0.email,
        u1_0.name,
        u1_0.password,
        u1_0.role,
        u1_0.roll_number 
    from
        users u1_0 
    where
        u1_0.id=?
Hibernate: 
    select
        u1_0.id,
        u1_0.class_section,
        u1_0.device_id,
        u1_0.email,
        u1_0.name,
        u1_0.password,
        u1_0.role,
        u1_0.roll_number 
    from
        users u1_0 
    where
        u1_0.email=?
Hibernate: 
    select
        e1_0.id 
    from
        enrollments e1_0 
    where
        e1_0.student_id=? 
        and e1_0.course_id=? 
    fetch
        first ? rows only
Hibernate: 
    select
        u1_0.id,
        u1_0.class_section,
        u1_0.device_id,
        u1_0.email,
        u1_0.name,
        u1_0.password,
        u1_0.role,
        u1_0.roll_number 
    from
        users u1_0 
    where
        u1_0.email=?
Hibernate: 
    select
        e1_0.id 
    from
        enrollments e1_0 
    where
        e1_0.student_id=? 
        and e1_0.course_id=? 
    fetch
        first ? rows only
Hibernate: 
    select
        u1_0.id,
        u1_0.class_section,
        u1_0.device_id,
        u1_0.email,
        u1_0.name,
        u1_0.password,
        u1_0.role,
        u1_0.roll_number 
    from
        users u1_0 
    where
        u1_0.email=?
Hibernate: 
    select
        e1_0.id 
    from
        enrollments e1_0 
    where
        e1_0.student_id=? 
        and e1_0.course_id=? 
    fetch
        first ? rows only
Hibernate: 
    select
        u1_0.id,
        u1_0.class_section,
        u1_0.device_id,
        u1_0.email,
        u1_0.name,
        u1_0.password,
        u1_0.role,
        u1_0.roll_number 
    from
        users u1_0 
    where
        u1_0.email=?
Hibernate: 
    select
        e1_0.id 
    from
        enrollments e1_0 
    where
        e1_0.student_id=? 
        and e1_0.course_id=? 
    fetch
        first ? rows only
Hibernate: 
    select
        u1_0.id,
        u1_0.class_section,
        u1_0.device_id,
        u1_0.email,
        u1_0.name,
        u1_0.password,
        u1_0.role,
        u1_0.roll_number 
    from
        users u1_0 
    where
        u1_0.email=?
Hibernate: 
    select
        e1_0.id 
    from
        enrollments e1_0 
    where
        e1_0.student_id=? 
        and e1_0.course_id=? 
    fetch
        first ? rows only
Hibernate: 
    select
        u1_0.id,
        u1_0.class_section,
        u1_0.device_id,
        u1_0.email,
        u1_0.name,
        u1_0.password,
        u1_0.role,
        u1_0.roll_number 
    from
        users u1_0 
    where
        u1_0.email=?
Hibernate: 
    select
        e1_0.id 
    from
        enrollments e1_0 
    where
        e1_0.student_id=? 
        and e1_0.course_id=? 
    fetch
        first ? rows only
Hibernate: 
    select
        u1_0.id,
        u1_0.class_section,
        u1_0.device_id,
        u1_0.email,
        u1_0.name,
        u1_0.password,
        u1_0.role,
        u1_0.roll_number 
    from
        users u1_0 
    where
        u1_0.email=?
Hibernate: 
    select
        e1_0.id 
    from
        enrollments e1_0 
    where
        e1_0.student_id=? 
        and e1_0.course_id=? 
    fetch
        first ? rows only
Hibernate: 
    select
        u1_0.id,
        u1_0.class_section,
        u1_0.device_id,
        u1_0.email,
        u1_0.name,
        u1_0.password,
        u1_0.role,
        u1_0.roll_number 
    from
        users u1_0 
    where
        u1_0.email=?
Hibernate: 
    select
        e1_0.id 
    from
        enrollments e1_0 
    where
        e1_0.student_id=? 
        and e1_0.course_id=? 
    fetch
        first ? rows only
Hibernate: 
    select
        u1_0.id,
        u1_0.class_section,
        u1_0.device_id,
        u1_0.email,
        u1_0.name,
        u1_0.password,
        u1_0.role,
        u1_0.roll_number 
    from
        users u1_0 
    where
        u1_0.email=?
Hibernate: 
    select
        e1_0.id 
    from
        enrollments e1_0 
    where
        e1_0.student_id=? 
        and e1_0.course_id=? 
    fetch
        first ? rows only
Hibernate: 
    select
        u1_0.id,
        u1_0.class_section,
        u1_0.device_id,
        u1_0.email,
        u1_0.name,
        u1_0.password,
        u1_0.role,
        u1_0.roll_number 
    from
        users u1_0 
    where
        u1_0.email=?
Hibernate: 
    select
        e1_0.id 
    from
        enrollments e1_0 
    where
        e1_0.student_id=? 
        and e1_0.course_id=? 
    fetch
        first ? rows only
Hibernate: 
    select
        c1_0.id,
        c1_0.course_name,
        c1_0.professor_id 
    from
        courses c1_0 
    where
        upper(c1_0.course_name)=upper(?)
Hibernate: 
    select
        u1_0.id,
        u1_0.class_section,
        u1_0.device_id,
        u1_0.email,
        u1_0.name,
        u1_0.password,
        u1_0.role,
        u1_0.roll_number 
    from
        users u1_0 
    where
        u1_0.id=?
Hibernate: 
    select
        u1_0.id,
        u1_0.class_section,
        u1_0.device_id,
        u1_0.email,
        u1_0.name,
        u1_0.password,
        u1_0.role,
        u1_0.roll_number 
    from
        users u1_0 
    where
        u1_0.email=?
Hibernate: 
    select
        e1_0.id 
    from
        enrollments e1_0 
    where
        e1_0.student_id=? 
        and e1_0.course_id=? 
    fetch
        first ? rows only
Hibernate: 
    select
        u1_0.id,
        u1_0.class_section,
        u1_0.device_id,
        u1_0.email,
        u1_0.name,
        u1_0.password,
        u1_0.role,
        u1_0.roll_number 
    from
        users u1_0 
    where
        u1_0.email=?
Hibernate: 
    select
        e1_0.id 
    from
        enrollments e1_0 
    where
        e1_0.student_id=? 
        and e1_0.course_id=? 
    fetch
        first ? rows only
Hibernate: 
    select
        u1_0.id,
        u1_0.class_section,
        u1_0.device_id,
        u1_0.email,
        u1_0.name,
        u1_0.password,
        u1_0.role,
        u1_0.roll_number 
    from
        users u1_0 
    where
        u1_0.email=?
Hibernate: 
    select
        e1_0.id 
    from
        enrollments e1_0 
    where
        e1_0.student_id=? 
        and e1_0.course_id=? 
    fetch
        first ? rows only
Hibernate: 
    select
        u1_0.id,
        u1_0.class_section,
        u1_0.device_id,
        u1_0.email,
        u1_0.name,
        u1_0.password,
        u1_0.role,
        u1_0.roll_number 
    from
        users u1_0 
    where
        u1_0.email=?
Hibernate: 
    select
        e1_0.id 
    from
        enrollments e1_0 
    where
        e1_0.student_id=? 
        and e1_0.course_id=? 
    fetch
        first ? rows only
Hibernate: 
    select
        u1_0.id,
        u1_0.class_section,
        u1_0.device_id,
        u1_0.email,
        u1_0.name,
        u1_0.password,
        u1_0.role,
        u1_0.roll_number 
    from
        users u1_0 
    where
        u1_0.email=?
Hibernate: 
    select
        e1_0.id 
    from
        enrollments e1_0 
    where
        e1_0.student_id=? 
        and e1_0.course_id=? 
    fetch
        first ? rows only
Hibernate: 
    select
        u1_0.id,
        u1_0.class_section,
        u1_0.device_id,
        u1_0.email,
        u1_0.name,
        u1_0.password,
        u1_0.role,
        u1_0.roll_number 
    from
        users u1_0 
    where
        u1_0.email=?
Hibernate: 
    select
        e1_0.id 
    from
        enrollments e1_0 
    where
        e1_0.student_id=? 
        and e1_0.course_id=? 
    fetch
        first ? rows only
Hibernate: 
    select
        u1_0.id,
        u1_0.class_section,
        u1_0.device_id,
        u1_0.email,
        u1_0.name,
        u1_0.password,
        u1_0.role,
        u1_0.roll_number 
    from
        users u1_0 
    where
        u1_0.email=?
Hibernate: 
    select
        e1_0.id 
    from
        enrollments e1_0 
    where
        e1_0.student_id=? 
        and e1_0.course_id=? 
    fetch
        first ? rows only
Hibernate: 
    select
        u1_0.id,
        u1_0.class_section,
        u1_0.device_id,
        u1_0.email,
        u1_0.name,
        u1_0.password,
        u1_0.role,
        u1_0.roll_number 
    from
        users u1_0 
    where
        u1_0.email=?
Hibernate: 
    select
        e1_0.id 
    from
        enrollments e1_0 
    where
        e1_0.student_id=? 
        and e1_0.course_id=? 
    fetch
        first ? rows only
Hibernate: 
    select
        u1_0.id,
        u1_0.class_section,
        u1_0.device_id,
        u1_0.email,
        u1_0.name,
        u1_0.password,
        u1_0.role,
        u1_0.roll_number 
    from
        users u1_0 
    where
        u1_0.email=?
Hibernate: 
    select
        e1_0.id 
    from
        enrollments e1_0 
    where
        e1_0.student_id=? 
        and e1_0.course_id=? 
    fetch
        first ? rows only
Hibernate: 
    select
        u1_0.id,
        u1_0.class_section,
        u1_0.device_id,
        u1_0.email,
        u1_0.name,
        u1_0.password,
        u1_0.role,
        u1_0.roll_number 
    from
        users u1_0 
    where
        u1_0.email=?
Hibernate: 
    select
        e1_0.id 
    from
        enrollments e1_0 
    where
        e1_0.student_id=? 
        and e1_0.course_id=? 
    fetch
        first ? rows only
Hibernate: 
    select
        c1_0.id,
        c1_0.course_name,
        c1_0.professor_id 
    from
        courses c1_0 
    where
        upper(c1_0.course_name)=upper(?)
Hibernate: 
    select
        u1_0.id,
        u1_0.class_section,
        u1_0.device_id,
        u1_0.email,
        u1_0.name,
        u1_0.password,
        u1_0.role,
        u1_0.roll_number 
    from
        users u1_0 
    where
        u1_0.id=?
Hibernate: 
    select
        u1_0.id,
        u1_0.class_section,
        u1_0.device_id,
        u1_0.email,
        u1_0.name,
        u1_0.password,
        u1_0.role,
        u1_0.roll_number 
    from
        users u1_0 
    where
        u1_0.email=?
Hibernate: 
    select
        e1_0.id 
    from
        enrollments e1_0 
    where
        e1_0.student_id=? 
        and e1_0.course_id=? 
    fetch
        first ? rows only
Hibernate: 
    select
        u1_0.id,
        u1_0.class_section,
        u1_0.device_id,
        u1_0.email,
        u1_0.name,
        u1_0.password,
        u1_0.role,
        u1_0.roll_number 
    from
        users u1_0 
    where
        u1_0.email=?
Hibernate: 
    select
        e1_0.id 
    from
        enrollments e1_0 
    where
        e1_0.student_id=? 
        and e1_0.course_id=? 
    fetch
        first ? rows only
Hibernate: 
    select
        u1_0.id,
        u1_0.class_section,
        u1_0.device_id,
        u1_0.email,
        u1_0.name,
        u1_0.password,
        u1_0.role,
        u1_0.roll_number 
    from
        users u1_0 
    where
        u1_0.email=?
Hibernate: 
    select
        e1_0.id 
    from
        enrollments e1_0 
    where
        e1_0.student_id=? 
        and e1_0.course_id=? 
    fetch
        first ? rows only
Hibernate: 
    select
        u1_0.id,
        u1_0.class_section,
        u1_0.device_id,
        u1_0.email,
        u1_0.name,
        u1_0.password,
        u1_0.role,
        u1_0.roll_number 
    from
        users u1_0 
    where
        u1_0.email=?
Hibernate: 
    select
        e1_0.id 
    from
        enrollments e1_0 
    where
        e1_0.student_id=? 
        and e1_0.course_id=? 
    fetch
        first ? rows only
Hibernate: 
    select
        u1_0.id,
        u1_0.class_section,
        u1_0.device_id,
        u1_0.email,
        u1_0.name,
        u1_0.password,
        u1_0.role,
        u1_0.roll_number 
    from
        users u1_0 
    where
        u1_0.email=?
Hibernate: 
    select
        e1_0.id 
    from
        enrollments e1_0 
    where
        e1_0.student_id=? 
        and e1_0.course_id=? 
    fetch
        first ? rows only
Hibernate: 
    select
        u1_0.id,
        u1_0.class_section,
        u1_0.device_id,
        u1_0.email,
        u1_0.name,
        u1_0.password,
        u1_0.role,
        u1_0.roll_number 
    from
        users u1_0 
    where
        u1_0.email=?
Hibernate: 
    select
        e1_0.id 
    from
        enrollments e1_0 
    where
        e1_0.student_id=? 
        and e1_0.course_id=? 
    fetch
        first ? rows only
Hibernate: 
    select
        u1_0.id,
        u1_0.class_section,
        u1_0.device_id,
        u1_0.email,
        u1_0.name,
        u1_0.password,
        u1_0.role,
        u1_0.roll_number 
    from
        users u1_0 
    where
        u1_0.email=?
Hibernate: 
    select
        e1_0.id 
    from
        enrollments e1_0 
    where
        e1_0.student_id=? 
        and e1_0.course_id=? 
    fetch
        first ? rows only
Hibernate: 
    select
        u1_0.id,
        u1_0.class_section,
        u1_0.device_id,
        u1_0.email,
        u1_0.name,
        u1_0.password,
        u1_0.role,
        u1_0.roll_number 
    from
        users u1_0 
    where
        u1_0.email=?
Hibernate: 
    select
        e1_0.id 
    from
        enrollments e1_0 
    where
        e1_0.student_id=? 
        and e1_0.course_id=? 
    fetch
        first ? rows only
Hibernate: 
    select
        u1_0.id,
        u1_0.class_section,
        u1_0.device_id,
        u1_0.email,
        u1_0.name,
        u1_0.password,
        u1_0.role,
        u1_0.roll_number 
    from
        users u1_0 
    where
        u1_0.email=?
Hibernate: 
    select
        e1_0.id 
    from
        enrollments e1_0 
    where
        e1_0.student_id=? 
        and e1_0.course_id=? 
    fetch
        first ? rows only
Hibernate: 
    select
        u1_0.id,
        u1_0.class_section,
        u1_0.device_id,
        u1_0.email,
        u1_0.name,
        u1_0.password,
        u1_0.role,
        u1_0.roll_number 
    from
        users u1_0 
    where
        u1_0.email=?
Hibernate: 
    select
        e1_0.id 
    from
        enrollments e1_0 
    where
        e1_0.student_id=? 
        and e1_0.course_id=? 
    fetch
        first ? rows only
Hibernate: 
    select
        u1_0.id,
        u1_0.class_section,
        u1_0.device_id,
        u1_0.email,
        u1_0.name,
        u1_0.password,
        u1_0.role,
        u1_0.roll_number 
    from
        users u1_0 
    where
        u1_0.email=?
Hibernate: 
    select
        u1_0.id,
        u1_0.class_section,
        u1_0.device_id,
        u1_0.email,
        u1_0.name,
        u1_0.password,
        u1_0.role,
        u1_0.roll_number 
    from
        users u1_0 
    where
        u1_0.email=?
2026-04-12T00:01:02.178+05:30  WARN 15912 --- [mycampus-backend] [           main] JpaBaseConfiguration$JpaWebConfiguration : spring.jpa.open-in-view is enabled by default. Therefore, database queries may be performed during view rendering. Explicitly configure spring.jpa.open-in-view to disable this warning
2026-04-12T00:01:02.436+05:30  WARN 15912 --- [mycampus-backend] [           main] .s.s.UserDetailsServiceAutoConfiguration : 

Using generated security password: 215e322e-eec5-4eb8-9474-28e72f8a7396

This generated password is for development use only. Your security configuration must be updated before running your application in production.

2026-04-12T00:01:02.513+05:30  INFO 15912 --- [mycampus-backend] [           main] r$InitializeUserDetailsManagerConfigurer : Global AuthenticationManager configured with UserDetailsService bean with name inMemoryUserDetailsManager
2026-04-12T00:01:04.160+05:30  WARN 15912 --- [mycampus-backend] [           main] ConfigServletWebServerApplicationContext : Exception encountered during context initialization - cancelling refresh attempt: org.springframework.context.ApplicationContextException: Failed to start bean 'webServerStartStop'
2026-04-12T00:01:04.193+05:30  INFO 15912 --- [mycampus-backend] [           main] j.LocalContainerEntityManagerFactoryBean : Closing JPA EntityManagerFactory for persistence unit 'default'
2026-04-12T00:01:04.211+05:30  INFO 15912 --- [mycampus-backend] [           main] com.zaxxer.hikari.HikariDataSource       : HikariPool-1 - Shutdown initiated...
2026-04-12T00:01:04.283+05:30  INFO 15912 --- [mycampus-backend] [           main] com.zaxxer.hikari.HikariDataSource       : HikariPool-1 - Shutdown completed.
2026-04-12T00:01:04.343+05:30  INFO 15912 --- [mycampus-backend] [           main] .s.b.a.l.ConditionEvaluationReportLogger : 

Error starting ApplicationContext. To display the condition evaluation report re-run your application with 'debug' enabled.
2026-04-12T00:01:04.373+05:30 ERROR 15912 --- [mycampus-backend] [           main] o.s.b.d.LoggingFailureAnalysisReporter   : 

***************************
APPLICATION FAILED TO START
***************************

Description:

Web server failed to start. Port 8081 was already in use.

Action:

Identify and stop the process that's listening on port 8081 or configure this application to listen on another port.

